<?xml version="1.0" encoding="UTF-8"?>
<testng-results skipped="0" failed="1" ignored="0" total="7" passed="6">
  <reporter-output>
  </reporter-output>
  <suite name="Default suite" duration-ms="34258" started-at="2023-01-29T12:14:26 IST" finished-at="2023-01-29T12:15:01 IST">
    <groups>
    </groups>
    <test name="Default test" duration-ms="34258" started-at="2023-01-29T12:14:26 IST" finished-at="2023-01-29T12:15:01 IST">
      <class name="com.bikeJunction.test.TestClass2">
        <test-method status="PASS" signature="lounchBrowser()[pri:0, instance:com.bikeJunction.test.TestClass2@64485a47]" name="lounchBrowser" is-config="true" duration-ms="15306" started-at="2023-01-29T12:14:26 IST" finished-at="2023-01-29T12:14:42 IST">
          <reporter-output>
          </reporter-output>
        </test-method> <!-- lounchBrowser -->
        <test-method status="PASS" signature="creatObject()[pri:0, instance:com.bikeJunction.test.TestClass2@64485a47]" name="creatObject" is-config="true" duration-ms="46" started-at="2023-01-29T12:14:42 IST" finished-at="2023-01-29T12:14:42 IST">
          <reporter-output>
          </reporter-output>
        </test-method> <!-- creatObject -->
        <test-method status="PASS" signature="verifybikeLoan()[pri:1, instance:com.bikeJunction.test.TestClass2@64485a47]" name="verifybikeLoan" duration-ms="1814" started-at="2023-01-29T12:14:42 IST" finished-at="2023-01-29T12:14:44 IST">
          <reporter-output>
          </reporter-output>
        </test-method> <!-- verifybikeLoan -->
        <test-method status="PASS" signature="creatObject()[pri:0, instance:com.bikeJunction.test.TestClass2@64485a47]" name="creatObject" is-config="true" duration-ms="2" started-at="2023-01-29T12:14:44 IST" finished-at="2023-01-29T12:14:44 IST">
          <reporter-output>
          </reporter-output>
        </test-method> <!-- creatObject -->
        <test-method status="PASS" signature="verifydealer()[pri:2, instance:com.bikeJunction.test.TestClass2@64485a47]" name="verifydealer" duration-ms="3604" started-at="2023-01-29T12:14:44 IST" finished-at="2023-01-29T12:14:47 IST">
          <reporter-output>
          </reporter-output>
        </test-method> <!-- verifydealer -->
        <test-method status="PASS" signature="creatObject()[pri:0, instance:com.bikeJunction.test.TestClass2@64485a47]" name="creatObject" is-config="true" duration-ms="1" started-at="2023-01-29T12:14:47 IST" finished-at="2023-01-29T12:14:47 IST">
          <reporter-output>
          </reporter-output>
        </test-method> <!-- creatObject -->
        <test-method status="PASS" signature="verifycompareBike()[pri:3, instance:com.bikeJunction.test.TestClass2@64485a47]" name="verifycompareBike" duration-ms="2237" started-at="2023-01-29T12:14:47 IST" finished-at="2023-01-29T12:14:49 IST">
          <reporter-output>
          </reporter-output>
        </test-method> <!-- verifycompareBike -->
        <test-method status="PASS" signature="creatObject()[pri:0, instance:com.bikeJunction.test.TestClass2@64485a47]" name="creatObject" is-config="true" duration-ms="2" started-at="2023-01-29T12:14:49 IST" finished-at="2023-01-29T12:14:49 IST">
          <reporter-output>
          </reporter-output>
        </test-method> <!-- creatObject -->
        <test-method status="PASS" signature="verifyemiCalculator()[pri:4, instance:com.bikeJunction.test.TestClass2@64485a47]" name="verifyemiCalculator" duration-ms="882" started-at="2023-01-29T12:14:49 IST" finished-at="2023-01-29T12:14:50 IST">
          <reporter-output>
          </reporter-output>
        </test-method> <!-- verifyemiCalculator -->
        <test-method status="PASS" signature="creatObject()[pri:0, instance:com.bikeJunction.test.TestClass2@64485a47]" name="creatObject" is-config="true" duration-ms="1" started-at="2023-01-29T12:14:50 IST" finished-at="2023-01-29T12:14:50 IST">
          <reporter-output>
          </reporter-output>
        </test-method> <!-- creatObject -->
        <test-method status="PASS" signature="verifygetOnRoadPrice()[pri:5, instance:com.bikeJunction.test.TestClass2@64485a47]" name="verifygetOnRoadPrice" duration-ms="576" started-at="2023-01-29T12:14:50 IST" finished-at="2023-01-29T12:14:51 IST">
          <reporter-output>
          </reporter-output>
        </test-method> <!-- verifygetOnRoadPrice -->
        <test-method status="PASS" signature="creatObject()[pri:0, instance:com.bikeJunction.test.TestClass2@64485a47]" name="creatObject" is-config="true" duration-ms="1" started-at="2023-01-29T12:14:51 IST" finished-at="2023-01-29T12:14:51 IST">
          <reporter-output>
          </reporter-output>
        </test-method> <!-- creatObject -->
        <test-method status="PASS" signature="verifyNews()[pri:6, instance:com.bikeJunction.test.TestClass2@64485a47]" name="verifyNews" duration-ms="3625" started-at="2023-01-29T12:14:51 IST" finished-at="2023-01-29T12:14:55 IST">
          <reporter-output>
          </reporter-output>
        </test-method> <!-- verifyNews -->
        <test-method status="PASS" signature="creatObject()[pri:0, instance:com.bikeJunction.test.TestClass2@64485a47]" name="creatObject" is-config="true" duration-ms="1" started-at="2023-01-29T12:14:55 IST" finished-at="2023-01-29T12:14:55 IST">
          <reporter-output>
          </reporter-output>
        </test-method> <!-- creatObject -->
        <test-method status="FAIL" signature="verifyLatestBikesDropdownPage()[pri:8, instance:com.bikeJunction.test.TestClass2@64485a47]" name="verifyLatestBikesDropdownPage" duration-ms="2799" started-at="2023-01-29T12:14:55 IST" finished-at="2023-01-29T12:14:57 IST">
          <exception class="java.lang.AssertionError">
            <message>
              <![CDATA[expected [https://www.bikejunction.in/en/latest-bikes] but found [https://www.bikejunction.in/en/best-bikes-in-india]]]>
            </message>
            <full-stacktrace>
              <![CDATA[java.lang.AssertionError: expected [https://www.bikejunction.in/en/latest-bikes] but found [https://www.bikejunction.in/en/best-bikes-in-india]
at org.testng.Assert.fail(Assert.java:110)
at org.testng.Assert.failNotEquals(Assert.java:1413)
at org.testng.Assert.assertEqualsImpl(Assert.java:149)
at org.testng.Assert.assertEquals(Assert.java:131)
at org.testng.Assert.assertEquals(Assert.java:655)
at org.testng.Assert.assertEquals(Assert.java:665)
at com.bikeJunction.test.TestClass2.verifyLatestBikesDropdownPage(TestClass2.java:94)
at sun.reflect.NativeMethodAccessorImpl.invoke0(Native Method)
at sun.reflect.NativeMethodAccessorImpl.invoke(Unknown Source)
at sun.reflect.DelegatingMethodAccessorImpl.invoke(Unknown Source)
at java.lang.reflect.Method.invoke(Unknown Source)
at org.testng.internal.invokers.MethodInvocationHelper.invokeMethod(MethodInvocationHelper.java:135)
at org.testng.internal.invokers.TestInvoker.invokeMethod(TestInvoker.java:673)
at org.testng.internal.invokers.TestInvoker.invokeTestMethod(TestInvoker.java:220)
at org.testng.internal.invokers.MethodRunner.runInSequence(MethodRunner.java:50)
at org.testng.internal.invokers.TestInvoker$MethodInvocationAgent.invoke(TestInvoker.java:945)
at org.testng.internal.invokers.TestInvoker.invokeTestMethods(TestInvoker.java:193)
at org.testng.internal.invokers.TestMethodWorker.invokeTestMethods(TestMethodWorker.java:146)
at org.testng.internal.invokers.TestMethodWorker.run(TestMethodWorker.java:128)
at java.util.ArrayList.forEach(Unknown Source)
at org.testng.TestRunner.privateRun(TestRunner.java:808)
at org.testng.TestRunner.run(TestRunner.java:603)
at org.testng.SuiteRunner.runTest(SuiteRunner.java:429)
at org.testng.SuiteRunner.runSequentially(SuiteRunner.java:423)
at org.testng.SuiteRunner.privateRun(SuiteRunner.java:383)
at org.testng.SuiteRunner.run(SuiteRunner.java:326)
at org.testng.SuiteRunnerWorker.runSuite(SuiteRunnerWorker.java:52)
at org.testng.SuiteRunnerWorker.run(SuiteRunnerWorker.java:95)
at org.testng.TestNG.runSuitesSequentially(TestNG.java:1249)
at org.testng.TestNG.runSuitesLocally(TestNG.java:1169)
at org.testng.TestNG.runSuites(TestNG.java:1092)
at org.testng.TestNG.run(TestNG.java:1060)
at org.testng.remote.AbstractRemoteTestNG.run(AbstractRemoteTestNG.java:115)
at org.testng.remote.RemoteTestNG.initAndRun(RemoteTestNG.java:251)
at org.testng.remote.RemoteTestNG.main(RemoteTestNG.java:77)
]]>
            </full-stacktrace>
          </exception> <!-- java.lang.AssertionError -->
          <reporter-output>
          </reporter-output>
        </test-method> <!-- verifyLatestBikesDropdownPage -->
        <test-method status="PASS" signature="closeBroweser()[pri:0, instance:com.bikeJunction.test.TestClass2@64485a47]" name="closeBroweser" is-config="true" duration-ms="3240" started-at="2023-01-29T12:14:57 IST" finished-at="2023-01-29T12:15:01 IST">
          <reporter-output>
          </reporter-output>
        </test-method> <!-- closeBroweser -->
      </class> <!-- com.bikeJunction.test.TestClass2 -->
    </test> <!-- Default test -->
  </suite> <!-- Default suite -->
</testng-results>
